This is LuaHBTeX, Version 1.13.0 (MiKTeX 21.3) (format=lualatex 2021.8.30)  26 SEP 2022 18:33
 restricted system commands enabled.
 file:line:error style messages enabled.
**Masterarbeit_Felix_Greuling_666020
(./Masterarbeit_Felix_Greuling_666020.tex
LaTeX2e <2020-10-01> patch level 4
Lua module: luaotfload 2021-01-08 3.17 Lua based OpenType font support
Lua module: lualibs 2020-12-30 2.73 ConTeXt Lua standard libraries.
Lua module: lualibs-extended 2020-12-30 2.73 ConTeXt Lua libraries -- extended c
ollection.
luaotfload | conf : Root cache directory is "C:/Users/FelixGreuling/AppData/Loca
l/MiKTeX/luatex-cache/generic/names".
luaotfload | init : Loading fontloader "fontloader-2021-01-07.lua" from kpse-res
olved path "C:/Users/FelixGreuling/AppData/Local/Programs/MiKTeX/tex/luatex/luao
tfload/fontloader-2021-01-07.lua".
Lua-only attribute luaotfload@noligature = 1
Lua-only attribute luaotfload@syllabe = 2
luaotfload | init : Context OpenType loader version 0x1.8e76c8b439581p+1
Inserting `luaotfload.node_processor' at position 1 in `pre_linebreak_filter'.
Inserting `luaotfload.node_processor' at position 1 in `hpack_filter'.
Inserting `luaotfload.glyph_stream' at position 1 in `glyph_stream_provider'.
Inserting `luaotfload.define_font' at position 1 in `define_font'.
Lua-only attribute luaotfload_color_attribute = 3
luaotfload | conf : Root cache directory is "C:/Users/FelixGreuling/AppData/Loca
l/MiKTeX/luatex-cache/generic/names".
Inserting `luaotfload.harf.strip_prefix' at position 1 in `find_opentype_file'.
Inserting `luaotfload.harf.strip_prefix' at position 1 in `find_truetype_file'.
Inserting `luaotfload.harf.finalize_vlist' at position 1 in `post_linebreak_filt
er'.
Inserting `luaotfload.harf.finalize_hlist' at position 2 in `hpack_filter'.
Inserting `luaotfload.cleanup_files' at position 1 in `wrapup_run'.
Inserting `luaotfload.harf.finalize_unicode' at position 1 in `finish_pdffile'.
Inserting `luaotfload.glyphinfo' at position 1 in `glyph_info'.
Inserting `luaotfload.aux.set_sscale_dimens' at position 1 in `luaotfload.patch_
font'.
Inserting `luaotfload.aux.set_font_index' at position 2 in `luaotfload.patch_fon
t'.
Inserting `luaotfload.aux.patch_cambria_domh' at position 3 in `luaotfload.patch
_font'.
Inserting `luaotfload.aux.fixup_fontdata' at position 1 in `luaotfload.patch_fon
t_unsafe'.
Inserting `luaotfload.aux.set_capheight' at position 4 in `luaotfload.patch_font
'.
Inserting `luaotfload.aux.set_xheight' at position 5 in `luaotfload.patch_font'.
Inserting `luaotfload.rewrite_fontname' at position 6 in `luaotfload.patch_font'
. L3 programming layer <2021-02-18> (./uzl-thesis.cls
Document Class: uzl-thesis 2022/01/26 University of Luebeck Thesis Class

(C:/Users/FelixGreuling/AppData/Local/Programs/MiKTeX/tex/generic/iftex/ifluate
x.sty
Package: ifluatex 2019/10/25 v1.5 ifluatex legacy package. Use iftex instead.

(C:/Users/FelixGreuling/AppData/Local/Programs/MiKTeX/tex/generic/iftex/iftex.s
ty
Package: iftex 2020/03/06 v1.0d TeX engine tests
))
(C:/Users/FelixGreuling/AppData/Local/Programs/MiKTeX/tex/latex/pgf/basiclayer/
pgf.sty
(C:/Users/FelixGreuling/AppData/Local/Programs/MiKTeX/tex/latex/pgf/utilities/p
gfrcs.sty
(C:/Users/FelixGreuling/AppData/Local/Programs/MiKTeX/tex/generic/pgf/utilities
/pgfutil-common.tex
\pgfutil@everybye=\toks15
\pgfutil@tempdima=\dimen138
\pgfutil@tempdimb=\dimen139

(C:/Users/FelixGreuling/AppData/Local/Programs/MiKTeX/tex/generic/pgf/utilities
/pgfutil-common-lists.tex))
(C:/Users/FelixGreuling/AppData/Local/Programs/MiKTeX/tex/generic/pgf/utilities
/pgfutil-latex.def
\pgfutil@abb=\box47
)
(C:/Users/FelixGreuling/AppData/Local/Programs/MiKTeX/tex/generic/pgf/utilities
/pgfrcs.code.tex
(C:/Users/FelixGreuling/AppData/Local/Programs/MiKTeX/tex/generic/pgf/pgf.revis
ion.tex)
Package: pgfrcs 2020/12/27 v3.1.8b (3.1.8b)
))
Package: pgf 2020/12/27 v3.1.8b (3.1.8b)

(C:/Users/FelixGreuling/AppData/Local/Programs/MiKTeX/tex/latex/pgf/basiclayer/
pgfcore.sty
(C:/Users/FelixGreuling/AppData/Local/Programs/MiKTeX/tex/latex/graphics/graphi
cx.sty
Package: graphicx 2020/09/09 v1.2b Enhanced LaTeX Graphics (DPC,SPQR)

(C:/Users/FelixGreuling/AppData/Local/Programs/MiKTeX/tex/latex/graphics/keyval
.sty
Package: keyval 2014/10/28 v1.15 key=value parser (DPC)
\KV@toks@=\toks16
)
(C:/Users/FelixGreuling/AppData/Local/Programs/MiKTeX/tex/latex/graphics/graphi
cs.sty
Package: graphics 2020/08/30 v1.4c Standard LaTeX Graphics (DPC,SPQR)

(C:/Users/FelixGreuling/AppData/Local/Programs/MiKTeX/tex/latex/graphics/trig.s
ty
Package: trig 2016/01/03 v1.10 sin cos tan (DPC)
)
(C:/Users/FelixGreuling/AppData/Local/Programs/MiKTeX/tex/latex/graphics-cfg/gr
aphics.cfg
File: graphics.cfg 2016/06/04 v1.11 sample graphics configuration
)
Package graphics Info: Driver file: luatex.def on input line 105.

(C:/Users/FelixGreuling/AppData/Local/Programs/MiKTeX/tex/latex/graphics-def/lu
atex.def
File: luatex.def 2020/10/05 v1.2a Graphics/color driver for luatex
))
\Gin@req@height=\dimen140
\Gin@req@width=\dimen141
)
(C:/Users/FelixGreuling/AppData/Local/Programs/MiKTeX/tex/latex/pgf/systemlayer
/pgfsys.sty
(C:/Users/FelixGreuling/AppData/Local/Programs/MiKTeX/tex/generic/pgf/systemlay
er/pgfsys.code.tex
Package: pgfsys 2020/12/27 v3.1.8b (3.1.8b)

(C:/Users/FelixGreuling/AppData/Local/Programs/MiKTeX/tex/generic/pgf/utilities
/pgfkeys.code.tex
\pgfkeys@pathtoks=\toks17
\pgfkeys@temptoks=\toks18

(C:/Users/FelixGreuling/AppData/Local/Programs/MiKTeX/tex/generic/pgf/utilities
/pgfkeysfiltered.code.tex
\pgfkeys@tmptoks=\toks19
))
\pgf@x=\dimen142
\pgf@y=\dimen143
\pgf@xa=\dimen144
\pgf@ya=\dimen145
\pgf@xb=\dimen146
\pgf@yb=\dimen147
\pgf@xc=\dimen148
\pgf@yc=\dimen149
\pgf@xd=\dimen150
\pgf@yd=\dimen151
\w@pgf@writea=\write3
\r@pgf@reada=\read2
\c@pgf@counta=\count175
\c@pgf@countb=\count176
\c@pgf@countc=\count177
\c@pgf@countd=\count178
\t@pgf@toka=\toks20
\t@pgf@tokb=\toks21
\t@pgf@tokc=\toks22
\pgf@sys@id@count=\count179

(C:/Users/FelixGreuling/AppData/Local/Programs/MiKTeX/tex/generic/pgf/systemlay
er/pgf.cfg
File: pgf.cfg 2020/12/27 v3.1.8b (3.1.8b)
)
Driver file for pgf: pgfsys-luatex.def

(C:/Users/FelixGreuling/AppData/Local/Programs/MiKTeX/tex/generic/pgf/systemlay
er/pgfsys-luatex.def
File: pgfsys-luatex.def 2020/12/27 v3.1.8b (3.1.8b)

(C:/Users/FelixGreuling/AppData/Local/Programs/MiKTeX/tex/generic/pgf/systemlay
er/pgfsys-common-pdf.def
File: pgfsys-common-pdf.def 2020/12/27 v3.1.8b (3.1.8b)
)))
(C:/Users/FelixGreuling/AppData/Local/Programs/MiKTeX/tex/generic/pgf/systemlay
er/pgfsyssoftpath.code.tex
File: pgfsyssoftpath.code.tex 2020/12/27 v3.1.8b (3.1.8b)
\pgfsyssoftpath@smallbuffer@items=\count180
\pgfsyssoftpath@bigbuffer@items=\count181
)
(C:/Users/FelixGreuling/AppData/Local/Programs/MiKTeX/tex/generic/pgf/systemlay
er/pgfsysprotocol.code.tex
File: pgfsysprotocol.code.tex 2020/12/27 v3.1.8b (3.1.8b)
))
(C:/Users/FelixGreuling/AppData/Local/Programs/MiKTeX/tex/latex/xcolor/xcolor.s
ty
Package: xcolor 2016/05/11 v2.12 LaTeX color extensions (UK)

(C:/Users/FelixGreuling/AppData/Local/Programs/MiKTeX/tex/latex/graphics-cfg/co
lor.cfg
File: color.cfg 2016/01/02 v1.6 sample color configuration
)
Package xcolor Info: Driver file: luatex.def on input line 225.
Package xcolor Info: Model `cmy' substituted by `cmy0' on input line 1348.
Package xcolor Info: Model `hsb' substituted by `rgb' on input line 1352.
Package xcolor Info: Model `RGB' extended on input line 1364.
Package xcolor Info: Model `HTML' substituted by `rgb' on input line 1366.
Package xcolor Info: Model `Hsb' substituted by `hsb' on input line 1367.
Package xcolor Info: Model `tHsb' substituted by `hsb' on input line 1368.
Package xcolor Info: Model `HSB' substituted by `hsb' on input line 1369.
Package xcolor Info: Model `Gray' substituted by `gray' on input line 1370.
Package xcolor Info: Model `wave' substituted by `hsb' on input line 1371.
)
(C:/Users/FelixGreuling/AppData/Local/Programs/MiKTeX/tex/generic/pgf/basiclaye
r/pgfcore.code.tex
Package: pgfcore 2020/12/27 v3.1.8b (3.1.8b)

(C:/Users/FelixGreuling/AppData/Local/Programs/MiKTeX/tex/generic/pgf/math/pgfm
ath.code.tex
(C:/Users/FelixGreuling/AppData/Local/Programs/MiKTeX/tex/generic/pgf/math/pgfm
athcalc.code.tex
(C:/Users/FelixGreuling/AppData/Local/Programs/MiKTeX/tex/generic/pgf/math/pgfm
athutil.code.tex)
(C:/Users/FelixGreuling/AppData/Local/Programs/MiKTeX/tex/generic/pgf/math/pgfm
athparser.code.tex
\pgfmath@dimen=\dimen152
\pgfmath@count=\count182
\pgfmath@box=\box48
\pgfmath@toks=\toks23
\pgfmath@stack@operand=\toks24
\pgfmath@stack@operation=\toks25
)
(C:/Users/FelixGreuling/AppData/Local/Programs/MiKTeX/tex/generic/pgf/math/pgfm
athfunctions.code.tex
(C:/Users/FelixGreuling/AppData/Local/Programs/MiKTeX/tex/generic/pgf/math/pgfm
athfunctions.basic.code.tex)
(C:/Users/FelixGreuling/AppData/Local/Programs/MiKTeX/tex/generic/pgf/math/pgfm
athfunctions.trigonometric.code.tex)
(C:/Users/FelixGreuling/AppData/Local/Programs/MiKTeX/tex/generic/pgf/math/pgfm
athfunctions.random.code.tex)
(C:/Users/FelixGreuling/AppData/Local/Programs/MiKTeX/tex/generic/pgf/math/pgfm
athfunctions.comparison.code.tex)
(C:/Users/FelixGreuling/AppData/Local/Programs/MiKTeX/tex/generic/pgf/math/pgfm
athfunctions.base.code.tex)
(C:/Users/FelixGreuling/AppData/Local/Programs/MiKTeX/tex/generic/pgf/math/pgfm
athfunctions.round.code.tex)
(C:/Users/FelixGreuling/AppData/Local/Programs/MiKTeX/tex/generic/pgf/math/pgfm
athfunctions.misc.code.tex)
(C:/Users/FelixGreuling/AppData/Local/Programs/MiKTeX/tex/generic/pgf/math/pgfm
athfunctions.integerarithmetics.code.tex)))
(C:/Users/FelixGreuling/AppData/Local/Programs/MiKTeX/tex/generic/pgf/math/pgfm
athfloat.code.tex
\c@pgfmathroundto@lastzeros=\count183
))
(C:/Users/FelixGreuling/AppData/Local/Programs/MiKTeX/tex/generic/pgf/math/pgfi
nt.code.tex)
(C:/Users/FelixGreuling/AppData/Local/Programs/MiKTeX/tex/generic/pgf/basiclaye
r/pgfcorepoints.code.tex
File: pgfcorepoints.code.tex 2020/12/27 v3.1.8b (3.1.8b)
\pgf@picminx=\dimen153
\pgf@picmaxx=\dimen154
\pgf@picminy=\dimen155
\pgf@picmaxy=\dimen156
\pgf@pathminx=\dimen157
\pgf@pathmaxx=\dimen158
\pgf@pathminy=\dimen159
\pgf@pathmaxy=\dimen160
\pgf@xx=\dimen161
\pgf@xy=\dimen162
\pgf@yx=\dimen163
\pgf@yy=\dimen164
\pgf@zx=\dimen165
\pgf@zy=\dimen166
luaotfload | db : Font names database loaded from C:/Users/FelixGreuling/AppData
/Local/MiKTeX/luatex-cache/generic/names/luaotfload-names.luc)
(C:/Users/FelixGreuling/AppData/Local/Programs/MiKTeX/tex/generic/pgf/basiclaye
r/pgfcorepathconstruct.code.tex
File: pgfcorepathconstruct.code.tex 2020/12/27 v3.1.8b (3.1.8b)
\pgf@path@lastx=\dimen167
\pgf@path@lasty=\dimen168
)
(C:/Users/FelixGreuling/AppData/Local/Programs/MiKTeX/tex/generic/pgf/basiclaye
r/pgfcorepathusage.code.tex
File: pgfcorepathusage.code.tex 2020/12/27 v3.1.8b (3.1.8b)
\pgf@shorten@end@additional=\dimen169
\pgf@shorten@start@additional=\dimen170
)
(C:/Users/FelixGreuling/AppData/Local/Programs/MiKTeX/tex/generic/pgf/basiclaye
r/pgfcorescopes.code.tex
File: pgfcorescopes.code.tex 2020/12/27 v3.1.8b (3.1.8b)
\pgfpic=\box49
\pgf@hbox=\box50
\pgf@layerbox@main=\box51
\pgf@picture@serial@count=\count184
)
(C:/Users/FelixGreuling/AppData/Local/Programs/MiKTeX/tex/generic/pgf/basiclaye
r/pgfcoregraphicstate.code.tex
File: pgfcoregraphicstate.code.tex 2020/12/27 v3.1.8b (3.1.8b)
\pgflinewidth=\dimen171
)
(C:/Users/FelixGreuling/AppData/Local/Programs/MiKTeX/tex/generic/pgf/basiclaye
r/pgfcoretransformations.code.tex
File: pgfcoretransformations.code.tex 2020/12/27 v3.1.8b (3.1.8b)
\pgf@pt@x=\dimen172
\pgf@pt@y=\dimen173
\pgf@pt@temp=\dimen174
)
(C:/Users/FelixGreuling/AppData/Local/Programs/MiKTeX/tex/generic/pgf/basiclaye
r/pgfcorequick.code.tex
File: pgfcorequick.code.tex 2020/12/27 v3.1.8b (3.1.8b)
)
(C:/Users/FelixGreuling/AppData/Local/Programs/MiKTeX/tex/generic/pgf/basiclaye
r/pgfcoreobjects.code.tex
File: pgfcoreobjects.code.tex 2020/12/27 v3.1.8b (3.1.8b)
)
(C:/Users/FelixGreuling/AppData/Local/Programs/MiKTeX/tex/generic/pgf/basiclaye
r/pgfcorepathprocessing.code.tex
File: pgfcorepathprocessing.code.tex 2020/12/27 v3.1.8b (3.1.8b)
)
(C:/Users/FelixGreuling/AppData/Local/Programs/MiKTeX/tex/generic/pgf/basiclaye
r/pgfcorearrows.code.tex
File: pgfcorearrows.code.tex 2020/12/27 v3.1.8b (3.1.8b)
\pgfarrowsep=\dimen175
)
(C:/Users/FelixGreuling/AppData/Local/Programs/MiKTeX/tex/generic/pgf/basiclaye
r/pgfcoreshade.code.tex
File: pgfcoreshade.code.tex 2020/12/27 v3.1.8b (3.1.8b)
\pgf@max=\dimen176
\pgf@sys@shading@range@num=\count185
\pgf@shadingcount=\count186
)
(C:/Users/FelixGreuling/AppData/Local/Programs/MiKTeX/tex/generic/pgf/basiclaye
r/pgfcoreimage.code.tex
File: pgfcoreimage.code.tex 2020/12/27 v3.1.8b (3.1.8b)

(C:/Users/FelixGreuling/AppData/Local/Programs/MiKTeX/tex/generic/pgf/basiclaye
r/pgfcoreexternal.code.tex
File: pgfcoreexternal.code.tex 2020/12/27 v3.1.8b (3.1.8b)
\pgfexternal@startupbox=\box52
))
(C:/Users/FelixGreuling/AppData/Local/Programs/MiKTeX/tex/generic/pgf/basiclaye
r/pgfcorelayers.code.tex
File: pgfcorelayers.code.tex 2020/12/27 v3.1.8b (3.1.8b)
)
(C:/Users/FelixGreuling/AppData/Local/Programs/MiKTeX/tex/generic/pgf/basiclaye
r/pgfcoretransparency.code.tex
File: pgfcoretransparency.code.tex 2020/12/27 v3.1.8b (3.1.8b)
)
(C:/Users/FelixGreuling/AppData/Local/Programs/MiKTeX/tex/generic/pgf/basiclaye
r/pgfcorepatterns.code.tex
File: pgfcorepatterns.code.tex 2020/12/27 v3.1.8b (3.1.8b)
)
(C:/Users/FelixGreuling/AppData/Local/Programs/MiKTeX/tex/generic/pgf/basiclaye
r/pgfcorerdf.code.tex
File: pgfcorerdf.code.tex 2020/12/27 v3.1.8b (3.1.8b)
)))
(C:/Users/FelixGreuling/AppData/Local/Programs/MiKTeX/tex/generic/pgf/modules/p
gfmoduleshapes.code.tex
File: pgfmoduleshapes.code.tex 2020/12/27 v3.1.8b (3.1.8b)
\pgfnodeparttextbox=\box53
)
(C:/Users/FelixGreuling/AppData/Local/Programs/MiKTeX/tex/generic/pgf/modules/p
gfmoduleplot.code.tex
File: pgfmoduleplot.code.tex 2020/12/27 v3.1.8b (3.1.8b)
)
(C:/Users/FelixGreuling/AppData/Local/Programs/MiKTeX/tex/latex/pgf/compatibili
ty/pgfcomp-version-0-65.sty
Package: pgfcomp-version-0-65 2020/12/27 v3.1.8b (3.1.8b)
\pgf@nodesepstart=\dimen177
\pgf@nodesepend=\dimen178
)
(C:/Users/FelixGreuling/AppData/Local/Programs/MiKTeX/tex/latex/pgf/compatibili
ty/pgfcomp-version-1-18.sty
Package: pgfcomp-version-1-18 2020/12/27 v3.1.8b (3.1.8b)
))
\uzl@Huge=\dimen179
\uzl@huge=\dimen180
\uzl@LARGE=\dimen181
\uzl@Large=\dimen182
\uzl@large=\dimen183
\uzl@normalsize=\dimen184
\uzl@normalsizeskip=\dimen185
\uzl@small=\dimen186
\uzl@footnotesize=\dimen187
\uzl@scriptsize=\dimen188
\uzl@tiny=\dimen189

(C:/Users/FelixGreuling/AppData/Local/Programs/MiKTeX/tex/latex/geometry/geomet
ry.sty
Package: geometry 2020/01/02 v5.9 Page Geometry

(C:/Users/FelixGreuling/AppData/Local/Programs/MiKTeX/tex/generic/iftex/ifvtex.
sty
Package: ifvtex 2019/10/25 v1.7 ifvtex legacy package. Use iftex instead.
)
\Gm@cnth=\count187
\Gm@cntv=\count188
\c@Gm@tempcnt=\count189
\Gm@bindingoffset=\dimen190
\Gm@wd@mp=\dimen191
\Gm@odd@mp=\dimen192
\Gm@even@mp=\dimen193
\Gm@layoutwidth=\dimen194
\Gm@layoutheight=\dimen195
\Gm@layouthoffset=\dimen196
\Gm@layoutvoffset=\dimen197
\Gm@dimlist=\toks26

(C:/Users/FelixGreuling/AppData/Local/Programs/MiKTeX/tex/latex/geometry/geomet
ry.cfg))
\c@chapter=\count190
\c@section=\count191
\c@subsection=\count192
\@itemdepth=\count193
\c@figure=\count194
\c@table=\count195
\abovecaptionskip=\skip47
\belowcaptionskip=\skip48
\uzl@toc@fig@width=\dimen198

(C:/Users/FelixGreuling/AppData/Local/Programs/MiKTeX/tex/latex/amsmath/amsmath
.sty
Package: amsmath 2020/09/23 v2.17i AMS math features
\@mathmargin=\skip49

For additional information on amsmath, use the `?' option.

(C:/Users/FelixGreuling/AppData/Local/Programs/MiKTeX/tex/latex/amsmath/amstext
.sty
Package: amstext 2000/06/29 v2.01 AMS text

(C:/Users/FelixGreuling/AppData/Local/Programs/MiKTeX/tex/latex/amsmath/amsgen.
sty
File: amsgen.sty 1999/11/30 v2.0 generic functions
\@emptytoks=\toks27
\ex@=\dimen199
))
(C:/Users/FelixGreuling/AppData/Local/Programs/MiKTeX/tex/latex/amsmath/amsbsy.
sty
Package: amsbsy 1999/11/29 v1.2d Bold Symbols
\pmbraise@=\dimen256
)
(C:/Users/FelixGreuling/AppData/Local/Programs/MiKTeX/tex/latex/amsmath/amsopn.
sty
Package: amsopn 2016/03/08 v2.02 operator names
)
\inf@bad=\count196
LaTeX Info: Redefining \frac on input line 236.
\uproot@=\count197
\leftroot@=\count198
LaTeX Info: Redefining \overli